# JRE version: Java(TM) SE Runtime Environment (8.0_45-b15) (build 1.8.0_45-b15)
# Java VM: Java HotSpot(TM) 64-Bit Server VM (25.45-b02 mixed mode windows-amd64 compressed oops)
Heap:
 PSYoungGen      total 414208K, used 68085K [0x00000000e0000000, 0x00000000ffb80000, 0x0000000100000000)
  eden space 309248K, 19% used [0x00000000e0000000,0x00000000e3b60378,0x00000000f2e00000)
  from space 104960K, 6% used [0x00000000f2e00000,0x00000000f351d3a0,0x00000000f9480000)
  to   space 102912K, 0% used [0x00000000f9700000,0x00000000f9700000,0x00000000ffb80000)
 ParOldGen       total 258048K, used 77200K [0x00000000a0000000, 0x00000000afc00000, 0x00000000e0000000)
  object space 258048K, 29% used [0x00000000a0000000,0x00000000a4b64180,0x00000000afc00000)
 Metaspace       used 87407K, capacity 91011K, committed 91392K, reserved 1128448K
  class space    used 11176K, capacity 11885K, committed 12032K, reserved 1048576K
GC Heap History (10 events):
Event: 595.096 GC heap before
{Heap before GC invocations=32 (full 4):
 PSYoungGen      total 356864K, used 303637K [0x00000000e0000000, 0x00000000ffb80000, 0x0000000100000000)
  eden space 246784K, 100% used [0x00000000e0000000,0x00000000ef100000,0x00000000ef100000)
  from space 110080K, 51% used [0x00000000ef100000,0x00000000f28855b0,0x00000000f5c80000)
  to   space 108032K, 0% used [0x00000000f9200000,0x00000000f9200000,0x00000000ffb80000)
 ParOldGen       total 254464K, used 151524K [0x00000000a0000000, 0x00000000af880000, 0x00000000e0000000)
  object space 254464K, 59% used [0x00000000a0000000,0x00000000a93f92d0,0x00000000af880000)
 Metaspace       used 78723K, capacity 81743K, committed 81920K, reserved 1120256K
  class space    used 10197K, capacity 10889K, committed 11008K, reserved 1048576K
Event: 595.182 GC heap after
Heap after GC invocations=32 (full 4):
 PSYoungGen      total 412160K, used 11285K [0x00000000e0000000, 0x00000000ffd00000, 0x0000000100000000)
  eden space 304128K, 0% used [0x00000000e0000000,0x00000000e0000000,0x00000000f2900000)
  from space 108032K, 10% used [0x00000000f9200000,0x00000000f9d05540,0x00000000ffb80000)
  to   space 107520K, 0% used [0x00000000f2900000,0x00000000f2900000,0x00000000f9200000)
 ParOldGen       total 254464K, used 203292K [0x00000000a0000000, 0x00000000af880000, 0x00000000e0000000)
  object space 254464K, 79% used [0x00000000a0000000,0x00000000ac687178,0x00000000af880000)
 Metaspace       used 78723K, capacity 81743K, committed 81920K, reserved 1120256K
  class space    used 10197K, capacity 10889K, committed 11008K, reserved 1048576K
}
Event: 626.268 GC heap before
{Heap before GC invocations=33 (full 4):
 PSYoungGen      total 412160K, used 315413K [0x00000000e0000000, 0x00000000ffd00000, 0x0000000100000000)
  eden space 304128K, 100% used [0x00000000e0000000,0x00000000f2900000,0x00000000f2900000)
  from space 108032K, 10% used [0x00000000f9200000,0x00000000f9d05540,0x00000000ffb80000)
  to   space 107520K, 0% used [0x00000000f2900000,0x00000000f2900000,0x00000000f9200000)
 ParOldGen       total 254464K, used 203292K [0x00000000a0000000, 0x00000000af880000, 0x00000000e0000000)
  object space 254464K, 79% used [0x00000000a0000000,0x00000000ac687178,0x00000000af880000)
 Metaspace       used 87027K, capacity 90495K, committed 90624K, reserved 1128448K
  class space    used 11217K, capacity 11969K, committed 12032K, reserved 1048576K
Event: 626.295 GC heap after
Heap after GC invocations=33 (full 4):
 PSYoungGen      total 411648K, used 14717K [0x00000000e0000000, 0x00000000ffb80000, 0x0000000100000000)
  eden space 304128K, 0% used [0x00000000e0000000,0x00000000e0000000,0x00000000f2900000)
  from space 107520K, 13% used [0x00000000f2900000,0x00000000f375f768,0x00000000f9200000)
  to   space 105472K, 0% used [0x00000000f9480000,0x00000000f9480000,0x00000000ffb80000)
 ParOldGen       total 254464K, used 207646K [0x00000000a0000000, 0x00000000af880000, 0x00000000e0000000)
  object space 254464K, 81% used [0x00000000a0000000,0x00000000acac7850,0x00000000af880000)
 Metaspace       used 87027K, capacity 90495K, committed 90624K, reserved 1128448K
  class space    used 11217K, capacity 11969K, committed 12032K, reserved 1048576K
}
Event: 626.295 GC heap before
{Heap before GC invocations=34 (full 5):
 PSYoungGen      total 411648K, used 14717K [0x00000000e0000000, 0x00000000ffb80000, 0x0000000100000000)
  eden space 304128K, 0% used [0x00000000e0000000,0x00000000e0000000,0x00000000f2900000)
  from space 107520K, 13% used [0x00000000f2900000,0x00000000f375f768,0x00000000f9200000)
  to   space 105472K, 0% used [0x00000000f9480000,0x00000000f9480000,0x00000000ffb80000)
 ParOldGen       total 254464K, used 207646K [0x00000000a0000000, 0x00000000af880000, 0x00000000e0000000)
  object space 254464K, 81% used [0x00000000a0000000,0x00000000acac7850,0x00000000af880000)
 Metaspace       used 87027K, capacity 90495K, committed 90624K, reserved 1128448K
  class space    used 11217K, capacity 11969K, committed 12032K, reserved 1048576K
Event: 626.576 GC heap after
Heap after GC invocations=34 (full 5):
 PSYoungGen      total 411648K, used 0K [0x00000000e0000000, 0x00000000ffb80000, 0x0000000100000000)
  eden space 304128K, 0% used [0x00000000e0000000,0x00000000e0000000,0x00000000f2900000)
  from space 107520K, 0% used [0x00000000f2900000,0x00000000f2900000,0x00000000f9200000)
  to   space 105472K, 0% used [0x00000000f9480000,0x00000000f9480000,0x00000000ffb80000)
 ParOldGen       total 258048K, used 75578K [0x00000000a0000000, 0x00000000afc00000, 0x00000000e0000000)
  object space 258048K, 29% used [0x00000000a0000000,0x00000000a49ce920,0x00000000afc00000)
 Metaspace       used 84851K, capacity 88069K, committed 90624K, reserved 1128448K
  class space    used 10957K, capacity 11610K, committed 12032K, reserved 1048576K
}
Event: 629.395 GC heap before
{Heap before GC invocations=35 (full 5):
 PSYoungGen      total 411648K, used 304128K [0x00000000e0000000, 0x00000000ffb80000, 0x0000000100000000)
  eden space 304128K, 100% used [0x00000000e0000000,0x00000000f2900000,0x00000000f2900000)
  from space 107520K, 0% used [0x00000000f2900000,0x00000000f2900000,0x00000000f9200000)
  to   space 105472K, 0% used [0x00000000f9480000,0x00000000f9480000,0x00000000ffb80000)
 ParOldGen       total 258048K, used 75578K [0x00000000a0000000, 0x00000000afc00000, 0x00000000e0000000)
  object space 258048K, 29% used [0x00000000a0000000,0x00000000a49ce920,0x00000000afc00000)
 Metaspace       used 87229K, capacity 90837K, committed 91136K, reserved 1128448K
  class space    used 11167K, capacity 11882K, committed 12032K, reserved 1048576K
Event: 629.434 GC heap after
Heap after GC invocations=35 (full 5):
 PSYoungGen      total 414720K, used 4293K [0x00000000e0000000, 0x00000000ffd00000, 0x0000000100000000)
  eden space 309248K, 0% used [0x00000000e0000000,0x00000000e0000000,0x00000000f2e00000)
  from space 105472K, 4% used [0x00000000f9480000,0x00000000f98b15e8,0x00000000ffb80000)
  to   space 104960K, 0% used [0x00000000f2e00000,0x00000000f2e00000,0x00000000f9480000)
 ParOldGen       total 258048K, used 75586K [0x00000000a0000000, 0x00000000afc00000, 0x00000000e0000000)
  object space 258048K, 29% used [0x00000000a0000000,0x00000000a49d0920,0x00000000afc00000)
 Metaspace       used 87229K, capacity 90837K, committed 91136K, reserved 1128448K
  class space    used 11167K, capacity 11882K, committed 12032K, reserved 1048576K
}
Event: 631.099 GC heap before
{Heap before GC invocations=36 (full 5):
 PSYoungGen      total 414720K, used 313541K [0x00000000e0000000, 0x00000000ffd00000, 0x0000000100000000)
  eden space 309248K, 100% used [0x00000000e0000000,0x00000000f2e00000,0x00000000f2e00000)
  from space 105472K, 4% used [0x00000000f9480000,0x00000000f98b15e8,0x00000000ffb80000)
  to   space 104960K, 0% used [0x00000000f2e00000,0x00000000f2e00000,0x00000000f9480000)
 ParOldGen       total 258048K, used 75586K [0x00000000a0000000, 0x00000000afc00000, 0x00000000e0000000)
  object space 258048K, 29% used [0x00000000a0000000,0x00000000a49d0920,0x00000000afc00000)
 Metaspace       used 87388K, capacity 91007K, committed 91392K, reserved 1128448K
  class space    used 11176K, capacity 11885K, committed 12032K, reserved 1048576K
Event: 631.180 GC heap after
Heap after GC invocations=36 (full 5):
 PSYoungGen      total 414208K, used 7284K [0x00000000e0000000, 0x00000000ffb80000, 0x0000000100000000)
  eden space 309248K, 0% used [0x00000000e0000000,0x00000000e0000000,0x00000000f2e00000)
  from space 104960K, 6% used [0x00000000f2e00000,0x00000000f351d3a0,0x00000000f9480000)
  to   space 102912K, 0% used [0x00000000f9700000,0x00000000f9700000,0x00000000ffb80000)
 ParOldGen       total 258048K, used 77200K [0x00000000a0000000, 0x00000000afc00000, 0x00000000e0000000)
  object space 258048K, 29% used [0x00000000a0000000,0x00000000a4b64180,0x00000000afc00000)
 Metaspace       used 87388K, capacity 91007K, committed 91392K, reserved 1128448K
  class space    used 11176K, capacity 11885K, committed 12032K, reserved 1048576K
}

