# JRE version: Java(TM) SE Runtime Environment (8.0_45-b15) (build 1.8.0_45-b15)
# Java VM: Java HotSpot(TM) 64-Bit Server VM (25.45-b02 mixed mode windows-amd64 compressed oops)
Heap:
 PSYoungGen      total 338432K, used 288663K [0x00000000e0000000, 0x0000000100000000, 0x0000000100000000)
  eden space 273408K, 81% used [0x00000000e0000000,0x00000000eda6baf0,0x00000000f0b00000)
  from space 65024K, 99% used [0x00000000f0b00000,0x00000000f4a7a308,0x00000000f4a80000)
  to   space 126976K, 0% used [0x00000000f8400000,0x00000000f8400000,0x0000000100000000)
 ParOldGen       total 367104K, used 172256K [0x00000000a0000000, 0x00000000b6680000, 0x00000000e0000000)
  object space 367104K, 46% used [0x00000000a0000000,0x00000000aa8382a8,0x00000000b6680000)
 Metaspace       used 99154K, capacity 103374K, committed 105216K, reserved 1140736K
  class space    used 12501K, capacity 13366K, committed 13824K, reserved 1048576K
GC Heap History (10 events):
Event: 5344.220 GC heap before
{Heap before GC invocations=42 (full 4):
 PSYoungGen      total 481792K, used 450796K [0x00000000e0000000, 0x0000000100000000, 0x0000000100000000)
  eden space 446464K, 100% used [0x00000000e0000000,0x00000000fb400000,0x00000000fb400000)
  from space 35328K, 12% used [0x00000000fb400000,0x00000000fb83b200,0x00000000fd680000)
  to   space 34304K, 0% used [0x00000000fde80000,0x00000000fde80000,0x0000000100000000)
 ParOldGen       total 181248K, used 70814K [0x00000000a0000000, 0x00000000ab100000, 0x00000000e0000000)
  object space 181248K, 39% used [0x00000000a0000000,0x00000000a4527b98,0x00000000ab100000)
 Metaspace       used 99558K, capacity 104170K, committed 104320K, reserved 1140736K
  class space    used 12707K, capacity 13685K, committed 13696K, reserved 1048576K
Event: 5344.278 GC heap after
Heap after GC invocations=42 (full 4):
 PSYoungGen      total 487936K, used 20020K [0x00000000e0000000, 0x0000000100000000, 0x0000000100000000)
  eden space 453632K, 0% used [0x00000000e0000000,0x00000000e0000000,0x00000000fbb00000)
  from space 34304K, 58% used [0x00000000fde80000,0x00000000ff20d120,0x0000000100000000)
  to   space 35328K, 0% used [0x00000000fbb00000,0x00000000fbb00000,0x00000000fdd80000)
 ParOldGen       total 181248K, used 71597K [0x00000000a0000000, 0x00000000ab100000, 0x00000000e0000000)
  object space 181248K, 39% used [0x00000000a0000000,0x00000000a45eb6e8,0x00000000ab100000)
 Metaspace       used 99558K, capacity 104170K, committed 104320K, reserved 1140736K
  class space    used 12707K, capacity 13685K, committed 13696K, reserved 1048576K
}
Event: 5434.624 GC heap before
{Heap before GC invocations=43 (full 4):
 PSYoungGen      total 487936K, used 473652K [0x00000000e0000000, 0x0000000100000000, 0x0000000100000000)
  eden space 453632K, 100% used [0x00000000e0000000,0x00000000fbb00000,0x00000000fbb00000)
  from space 34304K, 58% used [0x00000000fde80000,0x00000000ff20d120,0x0000000100000000)
  to   space 35328K, 0% used [0x00000000fbb00000,0x00000000fbb00000,0x00000000fdd80000)
 ParOldGen       total 181248K, used 71597K [0x00000000a0000000, 0x00000000ab100000, 0x00000000e0000000)
  object space 181248K, 39% used [0x00000000a0000000,0x00000000a45eb6e8,0x00000000ab100000)
 Metaspace       used 100246K, capacity 104990K, committed 105216K, reserved 1140736K
  class space    used 12780K, capacity 13755K, committed 13824K, reserved 1048576K
Event: 5434.719 GC heap after
Heap after GC invocations=43 (full 4):
 PSYoungGen      total 488960K, used 35298K [0x00000000e0000000, 0x0000000100000000, 0x0000000100000000)
  eden space 453632K, 0% used [0x00000000e0000000,0x00000000e0000000,0x00000000fbb00000)
  from space 35328K, 99% used [0x00000000fbb00000,0x00000000fdd78a30,0x00000000fdd80000)
  to   space 35328K, 0% used [0x00000000fdd80000,0x00000000fdd80000,0x0000000100000000)
 ParOldGen       total 181248K, used 91079K [0x00000000a0000000, 0x00000000ab100000, 0x00000000e0000000)
  object space 181248K, 50% used [0x00000000a0000000,0x00000000a58f1c50,0x00000000ab100000)
 Metaspace       used 100246K, capacity 104990K, committed 105216K, reserved 1140736K
  class space    used 12780K, capacity 13755K, committed 13824K, reserved 1048576K
}
Event: 5445.650 GC heap before
{Heap before GC invocations=44 (full 4):
 PSYoungGen      total 488960K, used 488930K [0x00000000e0000000, 0x0000000100000000, 0x0000000100000000)
  eden space 453632K, 100% used [0x00000000e0000000,0x00000000fbb00000,0x00000000fbb00000)
  from space 35328K, 99% used [0x00000000fbb00000,0x00000000fdd78a30,0x00000000fdd80000)
  to   space 35328K, 0% used [0x00000000fdd80000,0x00000000fdd80000,0x0000000100000000)
 ParOldGen       total 181248K, used 91079K [0x00000000a0000000, 0x00000000ab100000, 0x00000000e0000000)
  object space 181248K, 50% used [0x00000000a0000000,0x00000000a58f1c50,0x00000000ab100000)
 Metaspace       used 100320K, capacity 105118K, committed 105216K, reserved 1140736K
  class space    used 12786K, capacity 13755K, committed 13824K, reserved 1048576K
Event: 5446.096 GC heap after
Heap after GC invocations=44 (full 4):
 PSYoungGen      total 308736K, used 35308K [0x00000000e0000000, 0x0000000100000000, 0x0000000100000000)
  eden space 273408K, 0% used [0x00000000e0000000,0x00000000e0000000,0x00000000f0b00000)
  from space 35328K, 99% used [0x00000000fdd80000,0x00000000ffffb278,0x0000000100000000)
  to   space 125440K, 0% used [0x00000000f0b00000,0x00000000f0b00000,0x00000000f8580000)
 ParOldGen       total 287744K, used 287664K [0x00000000a0000000, 0x00000000b1900000, 0x00000000e0000000)
  object space 287744K, 99% used [0x00000000a0000000,0x00000000b18ec038,0x00000000b1900000)
 Metaspace       used 100320K, capacity 105118K, committed 105216K, reserved 1140736K
  class space    used 12786K, capacity 13755K, committed 13824K, reserved 1048576K
}
Event: 5446.096 GC heap before
{Heap before GC invocations=45 (full 5):
 PSYoungGen      total 308736K, used 35308K [0x00000000e0000000, 0x0000000100000000, 0x0000000100000000)
  eden space 273408K, 0% used [0x00000000e0000000,0x00000000e0000000,0x00000000f0b00000)
  from space 35328K, 99% used [0x00000000fdd80000,0x00000000ffffb278,0x0000000100000000)
  to   space 125440K, 0% used [0x00000000f0b00000,0x00000000f0b00000,0x00000000f8580000)
 ParOldGen       total 287744K, used 287664K [0x00000000a0000000, 0x00000000b1900000, 0x00000000e0000000)
  object space 287744K, 99% used [0x00000000a0000000,0x00000000b18ec038,0x00000000b1900000)
 Metaspace       used 100320K, capacity 105118K, committed 105216K, reserved 1140736K
  class space    used 12786K, capacity 13755K, committed 13824K, reserved 1048576K
Event: 5447.622 GC heap after
Heap after GC invocations=45 (full 5):
 PSYoungGen      total 308736K, used 0K [0x00000000e0000000, 0x0000000100000000, 0x0000000100000000)
  eden space 273408K, 0% used [0x00000000e0000000,0x00000000e0000000,0x00000000f0b00000)
  from space 35328K, 0% used [0x00000000fdd80000,0x00000000fdd80000,0x0000000100000000)
  to   space 125440K, 0% used [0x00000000f0b00000,0x00000000f0b00000,0x00000000f8580000)
 ParOldGen       total 367104K, used 172248K [0x00000000a0000000, 0x00000000b6680000, 0x00000000e0000000)
  object space 367104K, 46% used [0x00000000a0000000,0x00000000aa8362a8,0x00000000b6680000)
 Metaspace       used 98631K, capacity 102786K, committed 105216K, reserved 1140736K
  class space    used 12456K, capacity 13314K, committed 13824K, reserved 1048576K
}
Event: 5450.270 GC heap before
{Heap before GC invocations=46 (full 5):
 PSYoungGen      total 308736K, used 267111K [0x00000000e0000000, 0x0000000100000000, 0x0000000100000000)
  eden space 273408K, 97% used [0x00000000e0000000,0x00000000f04d9e68,0x00000000f0b00000)
  from space 35328K, 0% used [0x00000000fdd80000,0x00000000fdd80000,0x0000000100000000)
  to   space 125440K, 0% used [0x00000000f0b00000,0x00000000f0b00000,0x00000000f8580000)
 ParOldGen       total 367104K, used 172248K [0x00000000a0000000, 0x00000000b6680000, 0x00000000e0000000)
  object space 367104K, 46% used [0x00000000a0000000,0x00000000aa8362a8,0x00000000b6680000)
 Metaspace       used 98741K, capacity 102914K, committed 105216K, reserved 1140736K
  class space    used 12456K, capacity 13314K, committed 13824K, reserved 1048576K
Event: 5450.411 GC heap after
Heap after GC invocations=46 (full 5):
 PSYoungGen      total 338432K, used 65000K [0x00000000e0000000, 0x0000000100000000, 0x0000000100000000)
  eden space 273408K, 0% used [0x00000000e0000000,0x00000000e0000000,0x00000000f0b00000)
  from space 65024K, 99% used [0x00000000f0b00000,0x00000000f4a7a308,0x00000000f4a80000)
  to   space 126976K, 0% used [0x00000000f8400000,0x00000000f8400000,0x0000000100000000)
 ParOldGen       total 367104K, used 172256K [0x00000000a0000000, 0x00000000b6680000, 0x00000000e0000000)
  object space 367104K, 46% used [0x00000000a0000000,0x00000000aa8382a8,0x00000000b6680000)
 Metaspace       used 98741K, capacity 102914K, committed 105216K, reserved 1140736K
  class space    used 12456K, capacity 13314K, committed 13824K, reserved 1048576K
}

