# JRE version: Java(TM) SE Runtime Environment (8.0_45-b15) (build 1.8.0_45-b15)
# Java VM: Java HotSpot(TM) 64-Bit Server VM (25.45-b02 mixed mode windows-amd64 compressed oops)
Heap:
 PSYoungGen      total 278528K, used 203649K [0x00000000e0000000, 0x00000000f4380000, 0x0000000100000000)
  eden space 240640K, 73% used [0x00000000e0000000,0x00000000ead00608,0x00000000eeb00000)
  from space 37888K, 69% used [0x00000000eeb00000,0x00000000f04e0130,0x00000000f1000000)
  to   space 19968K, 0% used [0x00000000f1000000,0x00000000f1000000,0x00000000f2380000)
 ParOldGen       total 130048K, used 129573K [0x00000000a0000000, 0x00000000a7f00000, 0x00000000e0000000)
  object space 130048K, 99% used [0x00000000a0000000,0x00000000a7e89538,0x00000000a7f00000)
 Metaspace       used 71513K, capacity 73801K, committed 73984K, reserved 1114112K
  class space    used 9577K, capacity 10132K, committed 10240K, reserved 1048576K
GC Heap History (10 events):
Event: 43.619 GC heap before
{Heap before GC invocations=15 (full 3):
 PSYoungGen      total 210432K, used 11045K [0x00000000e0000000, 0x00000000edf80000, 0x0000000100000000)
  eden space 193536K, 0% used [0x00000000e0000000,0x00000000e0000000,0x00000000ebd00000)
  from space 16896K, 65% used [0x00000000ecd80000,0x00000000ed849460,0x00000000ede00000)
  to   space 16896K, 0% used [0x00000000ebd00000,0x00000000ebd00000,0x00000000ecd80000)
 ParOldGen       total 72704K, used 31830K [0x00000000a0000000, 0x00000000a4700000, 0x00000000e0000000)
  object space 72704K, 43% used [0x00000000a0000000,0x00000000a1f158f0,0x00000000a4700000)
 Metaspace       used 57121K, capacity 59057K, committed 59160K, reserved 1099776K
  class space    used 8000K, capacity 8482K, committed 8576K, reserved 1048576K
Event: 43.993 GC heap after
Heap after GC invocations=15 (full 3):
 PSYoungGen      total 210432K, used 0K [0x00000000e0000000, 0x00000000edf80000, 0x0000000100000000)
  eden space 193536K, 0% used [0x00000000e0000000,0x00000000e0000000,0x00000000ebd00000)
  from space 16896K, 0% used [0x00000000ecd80000,0x00000000ecd80000,0x00000000ede00000)
  to   space 16896K, 0% used [0x00000000ebd00000,0x00000000ebd00000,0x00000000ecd80000)
 ParOldGen       total 112128K, used 37872K [0x00000000a0000000, 0x00000000a6d80000, 0x00000000e0000000)
  object space 112128K, 33% used [0x00000000a0000000,0x00000000a24fc010,0x00000000a6d80000)
 Metaspace       used 57121K, capacity 59057K, committed 59160K, reserved 1099776K
  class space    used 8000K, capacity 8482K, committed 8576K, reserved 1048576K
}
Event: 96.307 GC heap before
{Heap before GC invocations=16 (full 3):
 PSYoungGen      total 210432K, used 193536K [0x00000000e0000000, 0x00000000edf80000, 0x0000000100000000)
  eden space 193536K, 100% used [0x00000000e0000000,0x00000000ebd00000,0x00000000ebd00000)
  from space 16896K, 0% used [0x00000000ecd80000,0x00000000ecd80000,0x00000000ede00000)
  to   space 16896K, 0% used [0x00000000ebd00000,0x00000000ebd00000,0x00000000ecd80000)
 ParOldGen       total 112128K, used 37872K [0x00000000a0000000, 0x00000000a6d80000, 0x00000000e0000000)
  object space 112128K, 33% used [0x00000000a0000000,0x00000000a24fc010,0x00000000a6d80000)
 Metaspace       used 65315K, capacity 67457K, committed 67712K, reserved 1107968K
  class space    used 8979K, capacity 9538K, committed 9600K, reserved 1048576K
Event: 96.341 GC heap after
Heap after GC invocations=16 (full 3):
 PSYoungGen      total 210432K, used 16878K [0x00000000e0000000, 0x00000000f2380000, 0x0000000100000000)
  eden space 193536K, 0% used [0x00000000e0000000,0x00000000e0000000,0x00000000ebd00000)
  from space 16896K, 99% used [0x00000000ebd00000,0x00000000ecd7bac0,0x00000000ecd80000)
  to   space 19968K, 0% used [0x00000000f1000000,0x00000000f1000000,0x00000000f2380000)
 ParOldGen       total 112128K, used 39918K [0x00000000a0000000, 0x00000000a6d80000, 0x00000000e0000000)
  object space 112128K, 35% used [0x00000000a0000000,0x00000000a26fbb68,0x00000000a6d80000)
 Metaspace       used 65315K, capacity 67457K, committed 67712K, reserved 1107968K
  class space    used 8979K, capacity 9538K, committed 9600K, reserved 1048576K
}
Event: 107.685 GC heap before
{Heap before GC invocations=17 (full 3):
 PSYoungGen      total 210432K, used 210414K [0x00000000e0000000, 0x00000000f2380000, 0x0000000100000000)
  eden space 193536K, 100% used [0x00000000e0000000,0x00000000ebd00000,0x00000000ebd00000)
  from space 16896K, 99% used [0x00000000ebd00000,0x00000000ecd7bac0,0x00000000ecd80000)
  to   space 19968K, 0% used [0x00000000f1000000,0x00000000f1000000,0x00000000f2380000)
 ParOldGen       total 112128K, used 39918K [0x00000000a0000000, 0x00000000a6d80000, 0x00000000e0000000)
  object space 112128K, 35% used [0x00000000a0000000,0x00000000a26fbb68,0x00000000a6d80000)
 Metaspace       used 66442K, capacity 68525K, committed 68864K, reserved 1107968K
  class space    used 9058K, capacity 9636K, committed 9728K, reserved 1048576K
Event: 107.795 GC heap after
Heap after GC invocations=17 (full 3):
 PSYoungGen      total 260608K, used 19957K [0x00000000e0000000, 0x00000000f4380000, 0x0000000100000000)
  eden space 240640K, 0% used [0x00000000e0000000,0x00000000e0000000,0x00000000eeb00000)
  from space 19968K, 99% used [0x00000000f1000000,0x00000000f237d718,0x00000000f2380000)
  to   space 37888K, 0% used [0x00000000eeb00000,0x00000000eeb00000,0x00000000f1000000)
 ParOldGen       total 112128K, used 81222K [0x00000000a0000000, 0x00000000a6d80000, 0x00000000e0000000)
  object space 112128K, 72% used [0x00000000a0000000,0x00000000a4f519f8,0x00000000a6d80000)
 Metaspace       used 66442K, capacity 68525K, committed 68864K, reserved 1107968K
  class space    used 9058K, capacity 9636K, committed 9728K, reserved 1048576K
}
Event: 117.731 GC heap before
{Heap before GC invocations=18 (full 3):
 PSYoungGen      total 260608K, used 260597K [0x00000000e0000000, 0x00000000f4380000, 0x0000000100000000)
  eden space 240640K, 100% used [0x00000000e0000000,0x00000000eeb00000,0x00000000eeb00000)
  from space 19968K, 99% used [0x00000000f1000000,0x00000000f237d718,0x00000000f2380000)
  to   space 37888K, 0% used [0x00000000eeb00000,0x00000000eeb00000,0x00000000f1000000)
 ParOldGen       total 112128K, used 81222K [0x00000000a0000000, 0x00000000a6d80000, 0x00000000e0000000)
  object space 112128K, 72% used [0x00000000a0000000,0x00000000a4f519f8,0x00000000a6d80000)
 Metaspace       used 68393K, capacity 70515K, committed 70784K, reserved 1110016K
  class space    used 9196K, capacity 9765K, committed 9856K, reserved 1048576K
Event: 117.878 GC heap after
Heap after GC invocations=18 (full 3):
 PSYoungGen      total 278528K, used 37862K [0x00000000e0000000, 0x00000000f4380000, 0x0000000100000000)
  eden space 240640K, 0% used [0x00000000e0000000,0x00000000e0000000,0x00000000eeb00000)
  from space 37888K, 99% used [0x00000000eeb00000,0x00000000f0ff9950,0x00000000f1000000)
  to   space 19968K, 0% used [0x00000000f1000000,0x00000000f1000000,0x00000000f2380000)
 ParOldGen       total 130048K, used 129861K [0x00000000a0000000, 0x00000000a7f00000, 0x00000000e0000000)
  object space 130048K, 99% used [0x00000000a0000000,0x00000000a7ed1520,0x00000000a7f00000)
 Metaspace       used 68393K, capacity 70515K, committed 70784K, reserved 1110016K
  class space    used 9196K, capacity 9765K, committed 9856K, reserved 1048576K
}
Event: 117.878 GC heap before
{Heap before GC invocations=19 (full 4):
 PSYoungGen      total 278528K, used 37862K [0x00000000e0000000, 0x00000000f4380000, 0x0000000100000000)
  eden space 240640K, 0% used [0x00000000e0000000,0x00000000e0000000,0x00000000eeb00000)
  from space 37888K, 99% used [0x00000000eeb00000,0x00000000f0ff9950,0x00000000f1000000)
  to   space 19968K, 0% used [0x00000000f1000000,0x00000000f1000000,0x00000000f2380000)
 ParOldGen       total 130048K, used 129861K [0x00000000a0000000, 0x00000000a7f00000, 0x00000000e0000000)
  object space 130048K, 99% used [0x00000000a0000000,0x00000000a7ed1520,0x00000000a7f00000)
 Metaspace       used 68393K, capacity 70515K, committed 70784K, reserved 1110016K
  class space    used 9196K, capacity 9765K, committed 9856K, reserved 1048576K
Event: 119.191 GC heap after
Heap after GC invocations=19 (full 4):
 PSYoungGen      total 278528K, used 26496K [0x00000000e0000000, 0x00000000f4380000, 0x0000000100000000)
  eden space 240640K, 0% used [0x00000000e0000000,0x00000000e0000000,0x00000000eeb00000)
  from space 37888K, 69% used [0x00000000eeb00000,0x00000000f04e0130,0x00000000f1000000)
  to   space 19968K, 0% used [0x00000000f1000000,0x00000000f1000000,0x00000000f2380000)
 ParOldGen       total 130048K, used 129573K [0x00000000a0000000, 0x00000000a7f00000, 0x00000000e0000000)
  object space 130048K, 99% used [0x00000000a0000000,0x00000000a7e89538,0x00000000a7f00000)
 Metaspace       used 68393K, capacity 70515K, committed 70784K, reserved 1110016K
  class space    used 9196K, capacity 9765K, committed 9856K, reserved 1048576K
}

