# JRE version: Java(TM) SE Runtime Environment (8.0_45-b15) (build 1.8.0_45-b15)
# Java VM: Java HotSpot(TM) 64-Bit Server VM (25.45-b02 mixed mode windows-amd64 compressed oops)
Heap:
 PSYoungGen      total 397312K, used 234931K [0x00000000e0000000, 0x00000000ff900000, 0x0000000100000000)
  eden space 285696K, 78% used [0x00000000e0000000,0x00000000edbf5ba0,0x00000000f1700000)
  from space 111616K, 8% used [0x00000000f8c00000,0x00000000f95771d8,0x00000000ff900000)
  to   space 115712K, 0% used [0x00000000f1700000,0x00000000f1700000,0x00000000f8800000)
 ParOldGen       total 394752K, used 208467K [0x00000000a0000000, 0x00000000b8180000, 0x00000000e0000000)
  object space 394752K, 52% used [0x00000000a0000000,0x00000000acb94e30,0x00000000b8180000)
 Metaspace       used 123565K, capacity 131147K, committed 131456K, reserved 1163264K
  class space    used 15262K, capacity 16626K, committed 16768K, reserved 1048576K
GC Heap History (10 events):
Event: 6684.549 GC heap before
{Heap before GC invocations=119 (full 11):
 PSYoungGen      total 385536K, used 246784K [0x00000000e0000000, 0x0000000100000000, 0x0000000100000000)
  eden space 246784K, 100% used [0x00000000e0000000,0x00000000ef100000,0x00000000ef100000)
  from space 138752K, 0% used [0x00000000ef100000,0x00000000ef100000,0x00000000f7880000)
  to   space 136704K, 0% used [0x00000000f7a80000,0x00000000f7a80000,0x0000000100000000)
 ParOldGen       total 394752K, used 90861K [0x00000000a0000000, 0x00000000b8180000, 0x00000000e0000000)
  object space 394752K, 23% used [0x00000000a0000000,0x00000000a58bb6b8,0x00000000b8180000)
 Metaspace       used 105570K, capacity 112487K, committed 114048K, reserved 1148928K
  class space    used 13170K, capacity 14383K, committed 14720K, reserved 1048576K
Event: 6684.604 GC heap after
Heap after GC invocations=119 (full 11):
 PSYoungGen      total 366080K, used 45810K [0x00000000e0000000, 0x00000000fed00000, 0x0000000100000000)
  eden space 248832K, 0% used [0x00000000e0000000,0x00000000e0000000,0x00000000ef300000)
  from space 117248K, 39% used [0x00000000f7a80000,0x00000000fa73c928,0x00000000fed00000)
  to   space 128000K, 0% used [0x00000000ef300000,0x00000000ef300000,0x00000000f7000000)
 ParOldGen       total 394752K, used 90869K [0x00000000a0000000, 0x00000000b8180000, 0x00000000e0000000)
  object space 394752K, 23% used [0x00000000a0000000,0x00000000a58bd6b8,0x00000000b8180000)
 Metaspace       used 105570K, capacity 112487K, committed 114048K, reserved 1148928K
  class space    used 13170K, capacity 14383K, committed 14720K, reserved 1048576K
}
Event: 6686.015 GC heap before
{Heap before GC invocations=120 (full 11):
 PSYoungGen      total 366080K, used 294642K [0x00000000e0000000, 0x00000000fed00000, 0x0000000100000000)
  eden space 248832K, 100% used [0x00000000e0000000,0x00000000ef300000,0x00000000ef300000)
  from space 117248K, 39% used [0x00000000f7a80000,0x00000000fa73c928,0x00000000fed00000)
  to   space 128000K, 0% used [0x00000000ef300000,0x00000000ef300000,0x00000000f7000000)
 ParOldGen       total 394752K, used 90869K [0x00000000a0000000, 0x00000000b8180000, 0x00000000e0000000)
  object space 394752K, 23% used [0x00000000a0000000,0x00000000a58bd6b8,0x00000000b8180000)
 Metaspace       used 106024K, capacity 113005K, committed 114048K, reserved 1148928K
  class space    used 13210K, capacity 14448K, committed 14720K, reserved 1048576K
Event: 6686.118 GC heap after
Heap after GC invocations=120 (full 11):
 PSYoungGen      total 376832K, used 60666K [0x00000000e0000000, 0x0000000100000000, 0x0000000100000000)
  eden space 248832K, 0% used [0x00000000e0000000,0x00000000e0000000,0x00000000ef300000)
  from space 128000K, 47% used [0x00000000ef300000,0x00000000f2e3e960,0x00000000f7000000)
  to   space 124928K, 0% used [0x00000000f8600000,0x00000000f8600000,0x0000000100000000)
 ParOldGen       total 394752K, used 129278K [0x00000000a0000000, 0x00000000b8180000, 0x00000000e0000000)
  object space 394752K, 32% used [0x00000000a0000000,0x00000000a7e3f8d8,0x00000000b8180000)
 Metaspace       used 106024K, capacity 113005K, committed 114048K, reserved 1148928K
  class space    used 13210K, capacity 14448K, committed 14720K, reserved 1048576K
}
Event: 6709.520 GC heap before
{Heap before GC invocations=121 (full 11):
 PSYoungGen      total 376832K, used 309498K [0x00000000e0000000, 0x0000000100000000, 0x0000000100000000)
  eden space 248832K, 100% used [0x00000000e0000000,0x00000000ef300000,0x00000000ef300000)
  from space 128000K, 47% used [0x00000000ef300000,0x00000000f2e3e960,0x00000000f7000000)
  to   space 124928K, 0% used [0x00000000f8600000,0x00000000f8600000,0x0000000100000000)
 ParOldGen       total 394752K, used 129278K [0x00000000a0000000, 0x00000000b8180000, 0x00000000e0000000)
  object space 394752K, 32% used [0x00000000a0000000,0x00000000a7e3f8d8,0x00000000b8180000)
 Metaspace       used 116875K, capacity 124305K, committed 124544K, reserved 1157120K
  class space    used 14609K, capacity 15904K, committed 16000K, reserved 1048576K
Event: 6709.627 GC heap after
Heap after GC invocations=121 (full 11):
 PSYoungGen      total 386048K, used 26278K [0x00000000e0000000, 0x00000000ff600000, 0x0000000100000000)
  eden space 271360K, 0% used [0x00000000e0000000,0x00000000e0000000,0x00000000f0900000)
  from space 114688K, 22% used [0x00000000f8600000,0x00000000f9fa9b78,0x00000000ff600000)
  to   space 121344K, 0% used [0x00000000f0900000,0x00000000f0900000,0x00000000f7f80000)
 ParOldGen       total 394752K, used 186937K [0x00000000a0000000, 0x00000000b8180000, 0x00000000e0000000)
  object space 394752K, 47% used [0x00000000a0000000,0x00000000ab68e738,0x00000000b8180000)
 Metaspace       used 116875K, capacity 124305K, committed 124544K, reserved 1157120K
  class space    used 14609K, capacity 15904K, committed 16000K, reserved 1048576K
}
Event: 6717.864 GC heap before
{Heap before GC invocations=122 (full 11):
 PSYoungGen      total 386048K, used 297638K [0x00000000e0000000, 0x00000000ff600000, 0x0000000100000000)
  eden space 271360K, 100% used [0x00000000e0000000,0x00000000f0900000,0x00000000f0900000)
  from space 114688K, 22% used [0x00000000f8600000,0x00000000f9fa9b78,0x00000000ff600000)
  to   space 121344K, 0% used [0x00000000f0900000,0x00000000f0900000,0x00000000f7f80000)
 ParOldGen       total 394752K, used 186937K [0x00000000a0000000, 0x00000000b8180000, 0x00000000e0000000)
  object space 394752K, 47% used [0x00000000a0000000,0x00000000ab68e738,0x00000000b8180000)
 Metaspace       used 123355K, capacity 130861K, committed 131072K, reserved 1163264K
  class space    used 15242K, capacity 16583K, committed 16640K, reserved 1048576K
Event: 6717.923 GC heap after
Heap after GC invocations=122 (full 11):
 PSYoungGen      total 392704K, used 26345K [0x00000000e0000000, 0x00000000ffe80000, 0x0000000100000000)
  eden space 271360K, 0% used [0x00000000e0000000,0x00000000e0000000,0x00000000f0900000)
  from space 121344K, 21% used [0x00000000f0900000,0x00000000f22ba520,0x00000000f7f80000)
  to   space 117248K, 0% used [0x00000000f8c00000,0x00000000f8c00000,0x00000000ffe80000)
 ParOldGen       total 394752K, used 202415K [0x00000000a0000000, 0x00000000b8180000, 0x00000000e0000000)
  object space 394752K, 51% used [0x00000000a0000000,0x00000000ac5abfe8,0x00000000b8180000)
 Metaspace       used 123355K, capacity 130861K, committed 131072K, reserved 1163264K
  class space    used 15242K, capacity 16583K, committed 16640K, reserved 1048576K
}
Event: 6720.485 GC heap before
{Heap before GC invocations=123 (full 11):
 PSYoungGen      total 392704K, used 297705K [0x00000000e0000000, 0x00000000ffe80000, 0x0000000100000000)
  eden space 271360K, 100% used [0x00000000e0000000,0x00000000f0900000,0x00000000f0900000)
  from space 121344K, 21% used [0x00000000f0900000,0x00000000f22ba520,0x00000000f7f80000)
  to   space 117248K, 0% used [0x00000000f8c00000,0x00000000f8c00000,0x00000000ffe80000)
 ParOldGen       total 394752K, used 202415K [0x00000000a0000000, 0x00000000b8180000, 0x00000000e0000000)
  object space 394752K, 51% used [0x00000000a0000000,0x00000000ac5abfe8,0x00000000b8180000)
 Metaspace       used 123498K, capacity 131081K, committed 131456K, reserved 1163264K
  class space    used 15261K, capacity 16625K, committed 16768K, reserved 1048576K
Event: 6720.526 GC heap after
Heap after GC invocations=123 (full 11):
 PSYoungGen      total 397312K, used 9692K [0x00000000e0000000, 0x00000000ff900000, 0x0000000100000000)
  eden space 285696K, 0% used [0x00000000e0000000,0x00000000e0000000,0x00000000f1700000)
  from space 111616K, 8% used [0x00000000f8c00000,0x00000000f95771d8,0x00000000ff900000)
  to   space 115712K, 0% used [0x00000000f1700000,0x00000000f1700000,0x00000000f8800000)
 ParOldGen       total 394752K, used 208467K [0x00000000a0000000, 0x00000000b8180000, 0x00000000e0000000)
  object space 394752K, 52% used [0x00000000a0000000,0x00000000acb94e30,0x00000000b8180000)
 Metaspace       used 123498K, capacity 131081K, committed 131456K, reserved 1163264K
  class space    used 15261K, capacity 16625K, committed 16768K, reserved 1048576K
}

